  Vector.cpp
  Torre.cpp
c:\users\juanj\documents\uni\informatica industrial\proyecto ajedrez\ajedrez 6-06 copia\src\torre.cpp(5): warning C4996: 'strcpy': This function or variable may be unsafe. Consider using strcpy_s instead. To disable deprecation, use _CRT_SECURE_NO_WARNINGS. See online help for details.
  c:\program files (x86)\windows kits\10\include\10.0.16299.0\ucrt\string.h(132): note: vea la declaración de 'strcpy'
  Tablero.cpp
  Rey.cpp
c:\users\juanj\documents\uni\informatica industrial\proyecto ajedrez\ajedrez 6-06 copia\src\rey.cpp(6): warning C4996: 'strcpy': This function or variable may be unsafe. Consider using strcpy_s instead. To disable deprecation, use _CRT_SECURE_NO_WARNINGS. See online help for details.
  c:\program files (x86)\windows kits\10\include\10.0.16299.0\ucrt\string.h(132): note: vea la declaración de 'strcpy'
  Pieza.cpp
  Peon.cpp
c:\users\juanj\documents\uni\informatica industrial\proyecto ajedrez\ajedrez 6-06 copia\src\peon.cpp(14): warning C4996: 'strcpy': This function or variable may be unsafe. Consider using strcpy_s instead. To disable deprecation, use _CRT_SECURE_NO_WARNINGS. See online help for details.
  c:\program files (x86)\windows kits\10\include\10.0.16299.0\ucrt\string.h(132): note: vea la declaración de 'strcpy'
  Mundo.cpp
  Dama.cpp
c:\users\juanj\documents\uni\informatica industrial\proyecto ajedrez\ajedrez 6-06 copia\src\dama.cpp(9): warning C4996: 'strcpy': This function or variable may be unsafe. Consider using strcpy_s instead. To disable deprecation, use _CRT_SECURE_NO_WARNINGS. See online help for details.
  c:\program files (x86)\windows kits\10\include\10.0.16299.0\ucrt\string.h(132): note: vea la declaración de 'strcpy'
  CoordinadorAjedrez.cpp
  Caballo.cpp
c:\users\juanj\documents\uni\informatica industrial\proyecto ajedrez\ajedrez 6-06 copia\src\caballo.cpp(7): warning C4996: 'strcpy': This function or variable may be unsafe. Consider using strcpy_s instead. To disable deprecation, use _CRT_SECURE_NO_WARNINGS. See online help for details.
  c:\program files (x86)\windows kits\10\include\10.0.16299.0\ucrt\string.h(132): note: vea la declaración de 'strcpy'
  Alfil.cpp
c:\users\juanj\documents\uni\informatica industrial\proyecto ajedrez\ajedrez 6-06 copia\src\alfil.cpp(7): warning C4996: 'strcpy': This function or variable may be unsafe. Consider using strcpy_s instead. To disable deprecation, use _CRT_SECURE_NO_WARNINGS. See online help for details.
  c:\program files (x86)\windows kits\10\include\10.0.16299.0\ucrt\string.h(132): note: vea la declaración de 'strcpy'
  Ajedrez.cpp
  Generando código...
c:\users\juanj\documents\uni\informatica industrial\proyecto ajedrez\ajedrez 6-06 copia\src\mundo.cpp(211): warning C4715: 'Mundo::Enroque': no todas las rutas de acceso de control devuelven un valor
c:\users\juanj\documents\uni\informatica industrial\proyecto ajedrez\ajedrez 6-06 copia\src\rey.cpp(48): warning C4715: 'Rey::PuedoMoverRey': no todas las rutas de acceso de control devuelven un valor
  Pang.vcxproj -> C:\Users\juanj\Documents\uni\informatica industrial\Proyecto ajedrez\AJEDREZ 6-06 copia\bin\Pang.exe
