c:\users\juanj\documents\uni\informatica industrial\proyecto ajedrez\ajedrez 6-06 copia - copia\tmp\debug\vc141.pdb
c:\users\juanj\documents\uni\informatica industrial\proyecto ajedrez\ajedrez 6-06 copia - copia\tmp\debug\vc141.idb
c:\users\juanj\documents\uni\informatica industrial\proyecto ajedrez\ajedrez 6-06 copia - copia\tmp\debug\ajedrez.obj
c:\users\juanj\documents\uni\informatica industrial\proyecto ajedrez\ajedrez 6-06 copia - copia\tmp\debug\alfil.obj
c:\users\juanj\documents\uni\informatica industrial\proyecto ajedrez\ajedrez 6-06 copia - copia\tmp\debug\caballo.obj
c:\users\juanj\documents\uni\informatica industrial\proyecto ajedrez\ajedrez 6-06 copia - copia\tmp\debug\coordinadorajedrez.obj
c:\users\juanj\documents\uni\informatica industrial\proyecto ajedrez\ajedrez 6-06 copia - copia\tmp\debug\dama.obj
c:\users\juanj\documents\uni\informatica industrial\proyecto ajedrez\ajedrez 6-06 copia - copia\tmp\debug\listatransformaciones.obj
c:\users\juanj\documents\uni\informatica industrial\proyecto ajedrez\ajedrez 6-06 copia - copia\tmp\debug\mundo.obj
c:\users\juanj\documents\uni\informatica industrial\proyecto ajedrez\ajedrez 6-06 copia - copia\tmp\debug\peon.obj
c:\users\juanj\documents\uni\informatica industrial\proyecto ajedrez\ajedrez 6-06 copia - copia\tmp\debug\pieza.obj
c:\users\juanj\documents\uni\informatica industrial\proyecto ajedrez\ajedrez 6-06 copia - copia\tmp\debug\rey.obj
c:\users\juanj\documents\uni\informatica industrial\proyecto ajedrez\ajedrez 6-06 copia - copia\tmp\debug\tablero.obj
c:\users\juanj\documents\uni\informatica industrial\proyecto ajedrez\ajedrez 6-06 copia - copia\tmp\debug\torre.obj
c:\users\juanj\documents\uni\informatica industrial\proyecto ajedrez\ajedrez 6-06 copia - copia\tmp\debug\vector.obj
c:\users\juanj\documents\uni\informatica industrial\proyecto ajedrez\ajedrez 6-06 copia - copia\bin\pang.ilk
c:\users\juanj\documents\uni\informatica industrial\proyecto ajedrez\ajedrez 6-06 copia - copia\bin\pang.exe
c:\users\juanj\documents\uni\informatica industrial\proyecto ajedrez\ajedrez 6-06 copia - copia\bin\pang.pdb
c:\users\juanj\documents\uni\informatica industrial\proyecto ajedrez\ajedrez 6-06 copia - copia\tmp\debug\pang.tlog\cl.command.1.tlog
c:\users\juanj\documents\uni\informatica industrial\proyecto ajedrez\ajedrez 6-06 copia - copia\tmp\debug\pang.tlog\cl.read.1.tlog
c:\users\juanj\documents\uni\informatica industrial\proyecto ajedrez\ajedrez 6-06 copia - copia\tmp\debug\pang.tlog\cl.write.1.tlog
c:\users\juanj\documents\uni\informatica industrial\proyecto ajedrez\ajedrez 6-06 copia - copia\tmp\debug\pang.tlog\link.command.1.tlog
c:\users\juanj\documents\uni\informatica industrial\proyecto ajedrez\ajedrez 6-06 copia - copia\tmp\debug\pang.tlog\link.read.1.tlog
c:\users\juanj\documents\uni\informatica industrial\proyecto ajedrez\ajedrez 6-06 copia - copia\tmp\debug\pang.tlog\link.write.1.tlog
